  Drone.cpp
C:\Users\user\Documents\GitHub\2D_Editor\AlpImgui\Drone.cpp(77,25): warning C4244: '=': conversion from 'int' to 'float', possible loss of data
C:\Users\user\Documents\GitHub\2D_Editor\AlpImgui\Drone.cpp(84,25): warning C4244: '=': conversion from 'int' to 'float', possible loss of data
C:\Users\user\Documents\GitHub\2D_Editor\AlpImgui\Drone.cpp(89,31): warning C4244: '=': conversion from 'double' to 'float', possible loss of data
C:\Users\user\Documents\GitHub\2D_Editor\AlpImgui\Drone.cpp(103,24): warning C4244: '=': conversion from 'int' to 'float', possible loss of data
C:\Users\user\Documents\GitHub\2D_Editor\AlpImgui\Drone.cpp(112,24): warning C4244: '=': conversion from 'int' to 'float', possible loss of data
C:\Users\user\Documents\GitHub\2D_Editor\AlpImgui\Drone.cpp(118,30): warning C4244: '=': conversion from 'double' to 'float', possible loss of data
C:\Users\user\Documents\GitHub\2D_Editor\AlpImgui\Drone.cpp(124,24): warning C4244: '=': conversion from 'int' to 'float', possible loss of data
C:\Users\user\Documents\GitHub\2D_Editor\AlpImgui\Drone.cpp(135,24): warning C4244: '=': conversion from 'int' to 'float', possible loss of data
C:\Users\user\Documents\GitHub\2D_Editor\AlpImgui\Drone.cpp(141,30): warning C4244: '=': conversion from 'double' to 'float', possible loss of data
C:\Users\user\Documents\GitHub\2D_Editor\AlpImgui\Drone.cpp(174,13): warning C4244: 'return': conversion from 'float' to 'int', possible loss of data
  Generating code
  2 of 95 functions ( 2.1%) were compiled, the rest were copied from previous compilation.
    0 functions were new in current compilation
    0 functions had inline decision re-evaluated but remain unchanged
  Finished generating code
rlImGui.lib(imgui.obj) : warning LNK4099: PDB '' was not found with 'rlImGui.lib(imgui.obj)' or at ''; linking object as if no debug info
rlImGui.lib(imgui_widgets.obj) : warning LNK4099: PDB '' was not found with 'rlImGui.lib(imgui_widgets.obj)' or at ''; linking object as if no debug info
rlImGui.lib(rlImGui.obj) : warning LNK4099: PDB '' was not found with 'rlImGui.lib(rlImGui.obj)' or at ''; linking object as if no debug info
rlImGui.lib(imgui_draw.obj) : warning LNK4099: PDB '' was not found with 'rlImGui.lib(imgui_draw.obj)' or at ''; linking object as if no debug info
rlImGui.lib(imgui_tables.obj) : warning LNK4099: PDB '' was not found with 'rlImGui.lib(imgui_tables.obj)' or at ''; linking object as if no debug info
  AlpImgui.vcxproj -> C:\Users\user\Documents\GitHub\2D_Editor\x64\Release\AlpImgui.exe
  'pwsh.exe' is not recognized as an internal or external command,
  operable program or batch file.
