C:\Program Files\Microsoft Visual Studio\2022\Community\MSBuild\Microsoft\VC\v170\Microsoft.CppBuild.targets(531,5): warning MSB8028: The intermediate directory (x64\Release\) contains files shared from another project (AlpImgui.vcxproj).  This can lead to incorrect clean and rebuild behavior.
  Drone.cpp
C:\Users\user\Desktop\main()\projects\GroundStation\station\Drone.cpp(90,25): warning C4244: '=': conversion from 'int' to 'float', possible loss of data
C:\Users\user\Desktop\main()\projects\GroundStation\station\Drone.cpp(97,25): warning C4244: '=': conversion from 'int' to 'float', possible loss of data
C:\Users\user\Desktop\main()\projects\GroundStation\station\Drone.cpp(102,31): warning C4244: '=': conversion from 'double' to 'float', possible loss of data
C:\Users\user\Desktop\main()\projects\GroundStation\station\Drone.cpp(116,24): warning C4244: '=': conversion from 'int' to 'float', possible loss of data
C:\Users\user\Desktop\main()\projects\GroundStation\station\Drone.cpp(125,24): warning C4244: '=': conversion from 'int' to 'float', possible loss of data
C:\Users\user\Desktop\main()\projects\GroundStation\station\Drone.cpp(131,30): warning C4244: '=': conversion from 'double' to 'float', possible loss of data
C:\Users\user\Desktop\main()\projects\GroundStation\station\Drone.cpp(137,24): warning C4244: '=': conversion from 'int' to 'float', possible loss of data
C:\Users\user\Desktop\main()\projects\GroundStation\station\Drone.cpp(148,24): warning C4244: '=': conversion from 'int' to 'float', possible loss of data
C:\Users\user\Desktop\main()\projects\GroundStation\station\Drone.cpp(154,30): warning C4244: '=': conversion from 'double' to 'float', possible loss of data
C:\Users\user\Desktop\main()\projects\GroundStation\station\Drone.cpp(187,13): warning C4244: 'return': conversion from 'float' to 'int', possible loss of data
  ImguiStyle.cpp
C:\Users\user\Desktop\main()\projects\GroundStation\station\ImguiStyle.cpp(26,26): warning C4244: 'argument': conversion from 'double' to 'float', possible loss of data
  Main.cpp
C:\Users\user\Desktop\main()\projects\GroundStation\station\Main.cpp(50,265): warning C4244: 'argument': conversion from 'int' to 'float', possible loss of data
  Generating code
  120 of 125 functions (96.0%) were compiled, the rest were copied from previous compilation.
    0 functions were new in current compilation
    1 functions had inline decision re-evaluated but remain unchanged
  Finished generating code
rlImGui.lib(imgui.obj) : warning LNK4099: PDB '' was not found with 'rlImGui.lib(imgui.obj)' or at ''; linking object as if no debug info
rlImGui.lib(imgui_widgets.obj) : warning LNK4099: PDB '' was not found with 'rlImGui.lib(imgui_widgets.obj)' or at ''; linking object as if no debug info
rlImGui.lib(rlImGui.obj) : warning LNK4099: PDB '' was not found with 'rlImGui.lib(rlImGui.obj)' or at ''; linking object as if no debug info
rlImGui.lib(imgui_draw.obj) : warning LNK4099: PDB '' was not found with 'rlImGui.lib(imgui_draw.obj)' or at ''; linking object as if no debug info
rlImGui.lib(imgui_tables.obj) : warning LNK4099: PDB '' was not found with 'rlImGui.lib(imgui_tables.obj)' or at ''; linking object as if no debug info
  station.vcxproj -> C:\Users\user\Desktop\main()\projects\GroundStation\x64\Release\station.exe
  'pwsh.exe' is not recognized as an internal or external command,
  operable program or batch file.
